[ 2026-04-04 06:04:33,927 ] 115 root - INFO - *******************Starting Data Ingestion Stage*******************
[ 2026-04-04 06:04:33,928 ] 36 root - INFO - Checking for Data Integrity
[ 2026-04-04 06:04:34,340 ] 42 root - INFO - Raw Data Integrity Checked
[ 2026-04-04 06:04:34,342 ] 56 root - INFO - 

 --------------Raw Data All CSV file information-----------------
[ 2026-04-04 06:04:34,342 ] 58 root - INFO - Filename: MachineLearningCVE/
[ 2026-04-04 06:04:34,342 ] 59 root - INFO - Modified: 2018-06-07 16:30:42
[ 2026-04-04 06:04:34,343 ] 60 root - INFO - Normal size: 0 bytes
[ 2026-04-04 06:04:34,343 ] 61 root - INFO - Compressed size: 0 bytes
[ 2026-04-04 06:04:34,343 ] 62 root - INFO - --------------------
[ 2026-04-04 06:04:34,343 ] 58 root - INFO - Filename: MachineLearningCVE/Wednesday-workingHours.pcap_ISCX.csv
[ 2026-04-04 06:04:34,343 ] 59 root - INFO - Modified: 2018-06-07 16:26:40
[ 2026-04-04 06:04:34,343 ] 60 root - INFO - Normal size: 225166395 bytes
[ 2026-04-04 06:04:34,343 ] 61 root - INFO - Compressed size: 59764995 bytes
[ 2026-04-04 06:04:34,343 ] 62 root - INFO - --------------------
[ 2026-04-04 06:04:34,343 ] 58 root - INFO - Filename: MachineLearningCVE/Tuesday-WorkingHours.pcap_ISCX.csv
[ 2026-04-04 06:04:34,343 ] 59 root - INFO - Modified: 2018-06-07 14:31:12
[ 2026-04-04 06:04:34,343 ] 60 root - INFO - Normal size: 135078995 bytes
[ 2026-04-04 06:04:34,343 ] 61 root - INFO - Compressed size: 39026474 bytes
[ 2026-04-04 06:04:34,343 ] 62 root - INFO - --------------------
[ 2026-04-04 06:04:34,343 ] 58 root - INFO - Filename: MachineLearningCVE/Thursday-WorkingHours-Morning-WebAttacks.pcap_ISCX.csv
[ 2026-04-04 06:04:34,343 ] 59 root - INFO - Modified: 2018-06-07 14:22:46
[ 2026-04-04 06:04:34,344 ] 60 root - INFO - Normal size: 52023263 bytes
[ 2026-04-04 06:04:34,344 ] 61 root - INFO - Compressed size: 14922144 bytes
[ 2026-04-04 06:04:34,344 ] 62 root - INFO - --------------------
[ 2026-04-04 06:04:34,344 ] 58 root - INFO - Filename: MachineLearningCVE/Thursday-WorkingHours-Afternoon-Infilteration.pcap_ISCX.csv
[ 2026-04-04 06:04:34,344 ] 59 root - INFO - Modified: 2018-06-07 14:19:24
[ 2026-04-04 06:04:34,344 ] 60 root - INFO - Normal size: 83102436 bytes
[ 2026-04-04 06:04:34,344 ] 61 root - INFO - Compressed size: 20407406 bytes
[ 2026-04-04 06:04:34,344 ] 62 root - INFO - --------------------
[ 2026-04-04 06:04:34,344 ] 58 root - INFO - Filename: MachineLearningCVE/Monday-WorkingHours.pcap_ISCX.csv
[ 2026-04-04 06:04:34,344 ] 59 root - INFO - Modified: 2018-06-07 14:13:44
[ 2026-04-04 06:04:34,344 ] 60 root - INFO - Normal size: 176927918 bytes
[ 2026-04-04 06:04:34,344 ] 61 root - INFO - Compressed size: 52891939 bytes
[ 2026-04-04 06:04:34,344 ] 62 root - INFO - --------------------
[ 2026-04-04 06:04:34,344 ] 58 root - INFO - Filename: MachineLearningCVE/Friday-WorkingHours-Morning.pcap_ISCX.csv
[ 2026-04-04 06:04:34,344 ] 59 root - INFO - Modified: 2018-06-07 13:51:46
[ 2026-04-04 06:04:34,344 ] 60 root - INFO - Normal size: 58316725 bytes
[ 2026-04-04 06:04:34,344 ] 61 root - INFO - Compressed size: 16599123 bytes
[ 2026-04-04 06:04:34,344 ] 62 root - INFO - --------------------
[ 2026-04-04 06:04:34,344 ] 58 root - INFO - Filename: MachineLearningCVE/Friday-WorkingHours-Afternoon-PortScan.pcap_ISCX.csv
[ 2026-04-04 06:04:34,344 ] 59 root - INFO - Modified: 2018-06-07 13:42:28
[ 2026-04-04 06:04:34,344 ] 60 root - INFO - Normal size: 76906168 bytes
[ 2026-04-04 06:04:34,344 ] 61 root - INFO - Compressed size: 13281038 bytes
[ 2026-04-04 06:04:34,345 ] 62 root - INFO - --------------------
[ 2026-04-04 06:04:34,345 ] 58 root - INFO - Filename: MachineLearningCVE/Friday-WorkingHours-Afternoon-DDos.pcap_ISCX.csv
[ 2026-04-04 06:04:34,345 ] 59 root - INFO - Modified: 2018-06-07 13:37:00
[ 2026-04-04 06:04:34,345 ] 60 root - INFO - Normal size: 77123859 bytes
[ 2026-04-04 06:04:34,345 ] 61 root - INFO - Compressed size: 18207604 bytes
[ 2026-04-04 06:04:34,345 ] 62 root - INFO - --------------------
[ 2026-04-04 06:04:34,345 ] 63 root - INFO - ------------------------------------------------------------------ 


[ 2026-04-04 06:04:56,587 ] 76 root - INFO - Shape of Master Dataset: (2830743, 79)
[ 2026-04-04 06:06:25,840 ] 91 root - INFO - Master Dataset stored at file path: Artifacts\data_ingestion\feature_store\master_dataset.csv
[ 2026-04-04 06:06:37,686 ] 98 root - INFO - Performed train test split on the dataframe
[ 2026-04-04 06:06:37,694 ] 100 root - INFO - Train set shape: (2123057, 79) and Test set shape: (707686, 79)
[ 2026-04-04 06:06:37,698 ] 103 root - INFO - Exporting train and test file path.
[ 2026-04-04 06:08:17,009 ] 107 root - INFO - Exported train and test file path.
[ 2026-04-04 06:08:17,218 ] 121 root - INFO - Data ingestion final step: Storing Data Ingestion Artifact
