[ 2026-04-07 22:53:52,415 ] 106 root - INFO - *******************Starting Data Validation Stage*******************
[ 2026-04-07 22:53:52,415 ] 37 root - INFO - Reading csv file from path: Artifacts/data_ingestion/ingested/train.csv
[ 2026-04-07 22:54:10,934 ] 37 root - INFO - Reading csv file from path: Artifacts/data_ingestion/ingested/test.csv
[ 2026-04-07 22:54:17,360 ] 44 root - INFO - Validating Column Name and Datatype of          Destination Port  Flow Duration  Total Fwd Packets  ...  Idle Max  Idle Min     Label
0                      53            163                  2  ...         0         0    BENIGN
1                     443      102879154                 82  ...  58700000  43300000    BENIGN
2                     123            122                  2  ...         0         0    BENIGN
3                      53            201                  2  ...         0         0    BENIGN
4                     123          44292                  1  ...         0         0    BENIGN
...                   ...            ...                ...  ...       ...       ...       ...
2123052                53          31351                  2  ...         0         0    BENIGN
2123053               443         147888                  7  ...         0         0    BENIGN
2123054              1028              3                  2  ...         0         0    BENIGN
2123055                80       97416673                  8  ...  97400000  97400000  DoS Hulk
2123056                53            156                  2  ...         0         0    BENIGN

[2123057 rows x 79 columns]
[ 2026-04-07 22:54:17,368 ] 48 root - INFO - Columns name and dtype of both dataframe and schema matched. Columns Validation Sucessful
[ 2026-04-07 22:54:17,437 ] 44 root - INFO - Validating Column Name and Datatype of         Destination Port  Flow Duration  Total Fwd Packets  ...  Idle Max  Idle Min     Label
0                   1309             64                  1  ...         0         0  PortScan
1                     53          61868                  2  ...         0         0    BENIGN
2                     53            234                  2  ...         0         0    BENIGN
3                     53            155                  2  ...         0         0    BENIGN
4                  40072       99000573                  7  ...  98900000  98900000    BENIGN
...                  ...            ...                ...  ...       ...       ...       ...
707681               443      117452162                 18  ...  58800000  58100000    BENIGN
707682                53         117205                  4  ...         0         0    BENIGN
707683                53          30887                  2  ...         0         0    BENIGN
707684                53            252                  2  ...         0         0    BENIGN
707685             59786              1                  2  ...         0         0    BENIGN

[707686 rows x 79 columns]
[ 2026-04-07 22:54:17,442 ] 48 root - INFO - Columns name and dtype of both dataframe and schema matched. Columns Validation Sucessful
[ 2026-04-07 22:54:17,442 ] 60 root - INFO - Calculating and Detecting Data Drift
[ 2026-04-07 23:00:38,478 ] 88 root - INFO - Drift threshold: 0.5 and Actual drift: 0.0
[ 2026-04-07 23:00:38,481 ] 89 root - INFO - No Data Drift Detected
[ 2026-04-07 23:00:38,481 ] 94 root - INFO - Storing Data drift report: Artifacts\data validation\drift_report
[ 2026-04-07 23:03:26,308 ] 126 root - INFO - Data validation final step: Storing Data validation Artifact
