[ 2026-04-04 03:48:53,474 ] 35 root - INFO - Checking for Data Integrity
[ 2026-04-04 03:48:53,886 ] 41 root - INFO - Raw Data Integrity Checked
[ 2026-04-04 03:48:53,890 ] 54 root - INFO - 

 --------------Raw Data All CSV file information-----------------
[ 2026-04-04 03:48:53,890 ] 56 root - INFO - Filename: MachineLearningCVE/
[ 2026-04-04 03:48:53,891 ] 57 root - INFO - Modified: 2018-06-07 16:30:42
[ 2026-04-04 03:48:53,891 ] 58 root - INFO - Normal size: 0 bytes
[ 2026-04-04 03:48:53,891 ] 59 root - INFO - Compressed size: 0 bytes
[ 2026-04-04 03:48:53,891 ] 60 root - INFO - --------------------
[ 2026-04-04 03:48:53,891 ] 56 root - INFO - Filename: MachineLearningCVE/Wednesday-workingHours.pcap_ISCX.csv
[ 2026-04-04 03:48:53,891 ] 57 root - INFO - Modified: 2018-06-07 16:26:40
[ 2026-04-04 03:48:53,891 ] 58 root - INFO - Normal size: 225166395 bytes
[ 2026-04-04 03:48:53,891 ] 59 root - INFO - Compressed size: 59764995 bytes
[ 2026-04-04 03:48:53,891 ] 60 root - INFO - --------------------
[ 2026-04-04 03:48:53,891 ] 56 root - INFO - Filename: MachineLearningCVE/Tuesday-WorkingHours.pcap_ISCX.csv
[ 2026-04-04 03:48:53,891 ] 57 root - INFO - Modified: 2018-06-07 14:31:12
[ 2026-04-04 03:48:53,891 ] 58 root - INFO - Normal size: 135078995 bytes
[ 2026-04-04 03:48:53,891 ] 59 root - INFO - Compressed size: 39026474 bytes
[ 2026-04-04 03:48:53,892 ] 60 root - INFO - --------------------
[ 2026-04-04 03:48:53,892 ] 56 root - INFO - Filename: MachineLearningCVE/Thursday-WorkingHours-Morning-WebAttacks.pcap_ISCX.csv
[ 2026-04-04 03:48:53,892 ] 57 root - INFO - Modified: 2018-06-07 14:22:46
[ 2026-04-04 03:48:53,892 ] 58 root - INFO - Normal size: 52023263 bytes
[ 2026-04-04 03:48:53,892 ] 59 root - INFO - Compressed size: 14922144 bytes
[ 2026-04-04 03:48:53,892 ] 60 root - INFO - --------------------
[ 2026-04-04 03:48:53,892 ] 56 root - INFO - Filename: MachineLearningCVE/Thursday-WorkingHours-Afternoon-Infilteration.pcap_ISCX.csv
[ 2026-04-04 03:48:53,892 ] 57 root - INFO - Modified: 2018-06-07 14:19:24
[ 2026-04-04 03:48:53,892 ] 58 root - INFO - Normal size: 83102436 bytes
[ 2026-04-04 03:48:53,892 ] 59 root - INFO - Compressed size: 20407406 bytes
[ 2026-04-04 03:48:53,892 ] 60 root - INFO - --------------------
[ 2026-04-04 03:48:53,892 ] 56 root - INFO - Filename: MachineLearningCVE/Monday-WorkingHours.pcap_ISCX.csv
[ 2026-04-04 03:48:53,892 ] 57 root - INFO - Modified: 2018-06-07 14:13:44
[ 2026-04-04 03:48:53,892 ] 58 root - INFO - Normal size: 176927918 bytes
[ 2026-04-04 03:48:53,892 ] 59 root - INFO - Compressed size: 52891939 bytes
[ 2026-04-04 03:48:53,892 ] 60 root - INFO - --------------------
[ 2026-04-04 03:48:53,892 ] 56 root - INFO - Filename: MachineLearningCVE/Friday-WorkingHours-Morning.pcap_ISCX.csv
[ 2026-04-04 03:48:53,892 ] 57 root - INFO - Modified: 2018-06-07 13:51:46
[ 2026-04-04 03:48:53,892 ] 58 root - INFO - Normal size: 58316725 bytes
[ 2026-04-04 03:48:53,892 ] 59 root - INFO - Compressed size: 16599123 bytes
[ 2026-04-04 03:48:53,892 ] 60 root - INFO - --------------------
[ 2026-04-04 03:48:53,892 ] 56 root - INFO - Filename: MachineLearningCVE/Friday-WorkingHours-Afternoon-PortScan.pcap_ISCX.csv
[ 2026-04-04 03:48:53,892 ] 57 root - INFO - Modified: 2018-06-07 13:42:28
[ 2026-04-04 03:48:53,893 ] 58 root - INFO - Normal size: 76906168 bytes
[ 2026-04-04 03:48:53,893 ] 59 root - INFO - Compressed size: 13281038 bytes
[ 2026-04-04 03:48:53,893 ] 60 root - INFO - --------------------
[ 2026-04-04 03:48:53,893 ] 56 root - INFO - Filename: MachineLearningCVE/Friday-WorkingHours-Afternoon-DDos.pcap_ISCX.csv
[ 2026-04-04 03:48:53,893 ] 57 root - INFO - Modified: 2018-06-07 13:37:00
[ 2026-04-04 03:48:53,893 ] 58 root - INFO - Normal size: 77123859 bytes
[ 2026-04-04 03:48:53,893 ] 59 root - INFO - Compressed size: 18207604 bytes
[ 2026-04-04 03:48:53,893 ] 60 root - INFO - --------------------
[ 2026-04-04 03:48:53,893 ] 61 root - INFO - ------------------------------------------------------------------ 


