[ 2026-04-09 04:52:14,000 ] 149 root - INFO - *******************Starting Data Transformation Stage*******************
[ 2026-04-09 04:52:14,000 ] 106 root - INFO - Reading csv file from path: Artifacts/data_validation/validated/train.csv
[ 2026-04-09 04:52:35,252 ] 106 root - INFO - Reading csv file from path: Artifacts/data_validation/validated/test.csv
[ 2026-04-09 04:52:41,962 ] 154 root - INFO - Preprocessing target column name
[ 2026-04-09 04:52:41,970 ] 159 root - INFO - Splitting Train and Test Dataframe into input features(X) and target features(y)
[ 2026-04-09 04:52:46,677 ] 115 root - INFO - Starting Data Preprocessing Pipeline
[ 2026-04-09 04:52:46,862 ] 25 root - INFO -  Cleaning Column Name...
[ 2026-04-09 04:52:49,356 ] 51 root - INFO -  Dropping features that are not important... Top features: ['ack_flag_count', 'bwd_header_length', 'bwd_packet_length_max', 'bwd_packet_length_min', 'bwd_packets/s', 'destination_port', 'flow_bytes/s', 'flow_duration', 'flow_iat_mean', 'flow_iat_std', 'flow_packets/s', 'fwd_header_length', 'fwd_packet_length_max', 'fwd_packet_length_min', 'init_win_bytes_backward', 'init_win_bytes_forward', 'label', 'min_packet_length', 'psh_flag_count', 'total_fwd_packets', 'total_length_of_fwd_packets']
[ 2026-04-09 04:52:49,498 ] 75 root - INFO -  Converting infinity values to NaN...
[ 2026-04-09 04:53:10,232 ] 179 root - INFO - Preprocessing Complete.
[ 2026-04-09 04:53:10,244 ] 131 root - INFO - Starting Hybrid Sampling
[ 2026-04-09 04:53:11,087 ] 136 root - INFO -   Under sampling done.X_under_sampled shape: (818199, 20),y_under_sampled shape: (818199,)
[ 2026-04-09 07:47:19,091 ] 140 root - INFO -   SMOTETomek applied.X_resampled shape: (2799620, 20),y_resampled shape: (2799620,)
[ 2026-04-09 07:47:19,854 ] 187 root - INFO - final train_arr shape: (2799620, 21) and final test_arr shape shape: (707674, 21)
[ 2026-04-09 07:47:21,362 ] 60 root - INFO - Entered the save_object method of MainUtils class
[ 2026-04-09 07:47:21,406 ] 64 root - INFO - Exited the save_object method of Main Utils class
[ 2026-04-09 07:47:21,406 ] 193 root - INFO - numpy array saved
[ 2026-04-09 07:47:21,406 ] 196 root - INFO - saving preprocessor object
[ 2026-04-09 07:47:21,406 ] 60 root - INFO - Entered the save_object method of MainUtils class
[ 2026-04-09 07:47:21,409 ] 64 root - INFO - Exited the save_object method of Main Utils class
[ 2026-04-09 07:47:21,409 ] 200 root - INFO - Data Transformation Final Step: Preparing Data Transformation Artifacts
